{"meta": {"format": 3, "version": "7.11.0", "timestamp": "2025-10-27T17:44:43.369492", "branch_coverage": false, "show_contexts": false}, "files": {"src/__init__.py": {"executed_lines": [0], "summary": {"covered_lines": 0, "num_statements": 0, "percent_covered": 100.0, "percent_covered_display": "100", "missing_lines": 0, "excluded_lines": 0}, "missing_lines": [], "excluded_lines": [], "functions": {"": {"executed_lines": [], "summary": {"covered_lines": 0, "num_statements": 0, "percent_covered": 100.0, "percent_covered_display": "100", "missing_lines": 0, "excluded_lines": 0}, "missing_lines": [], "excluded_lines": []}}, "classes": {"": {"executed_lines": [], "summary": {"covered_lines": 0, "num_statements": 0, "percent_covered": 100.0, "percent_covered_display": "100", "missing_lines": 0, "excluded_lines": 0}, "missing_lines": [], "excluded_lines": []}}}, "src/artwork_processor.py": {"executed_lines": [2, 9, 10, 11, 12, 15, 16, 18, 27, 28, 29, 31, 35, 36, 37, 39, 43, 44, 46, 48, 51, 62, 68, 69, 70, 71, 72, 76, 77, 79, 81, 85, 86, 89, 92, 93, 94, 95, 98, 101, 102, 105, 107, 111, 113, 114, 116, 117, 118, 119, 121, 122, 123, 125, 126, 128, 130, 134, 136, 137, 139, 140, 142, 146, 147, 148, 151, 155, 156, 159, 160, 161, 162, 163, 164, 165, 166, 167, 168, 173, 187, 190, 196, 198, 202, 270], "summary": {"covered_lines": 84, "num_statements": 89, "percent_covered": 94.38202247191012, "percent_covered_display": "94", "missing_lines": 5, "excluded_lines": 0}, "missing_lines": [143, 152, 192, 193, 194], "excluded_lines": [], "functions": {"ArtworkProcessor.__init__": {"executed_lines": [27, 28, 29], "summary": {"covered_lines": 3, "num_statements": 3, "percent_covered": 100.0, "percent_covered_display": "100", "missing_lines": 0, "excluded_lines": 0}, "missing_lines": [], "excluded_lines": []}, "ArtworkProcessor.clean_text": {"executed_lines": [35, 36, 37], "summary": {"covered_lines": 3, "num_statements": 3, "percent_covered": 100.0, "percent_covered_display": "100", "missing_lines": 0, "excluded_lines": 0}, "missing_lines": [], "excluded_lines": []}, "ArtworkProcessor.get_painting_labels": {"executed_lines": [43, 44, 46, 48, 51, 62, 68, 69, 70, 71, 72, 76, 77, 79], "summary": {"covered_lines": 14, "num_statements": 14, "percent_covered": 100.0, "percent_covered_display": "100", "missing_lines": 0, "excluded_lines": 0}, "missing_lines": [], "excluded_lines": []}, "ArtworkProcessor.get_high_res_image_url": {"executed_lines": [85, 86, 89, 92, 93, 94, 95, 98, 101, 102, 105], "summary": {"covered_lines": 11, "num_statements": 11, "percent_covered": 100.0, "percent_covered_display": "100", "missing_lines": 0, "excluded_lines": 0}, "missing_lines": [], "excluded_lines": []}, "ArtworkProcessor.get_wikipedia_summary": {"executed_lines": [111, 113, 114, 116, 117, 118, 119, 121, 122, 123, 125, 126, 128], "summary": {"covered_lines": 13, "num_statements": 13, "percent_covered": 100.0, "percent_covered_display": "100", "missing_lines": 0, "excluded_lines": 0}, "missing_lines": [], "excluded_lines": []}, "ArtworkProcessor.process_painting_data": {"executed_lines": [134, 136, 137, 139, 140, 142, 146, 147, 148, 151, 155, 156, 159, 160, 161, 162, 163, 164, 165, 166, 167, 168, 173, 187, 190, 196], "summary": {"covered_lines": 26, "num_statements": 31, "percent_covered": 83.87096774193549, "percent_covered_display": "84", "missing_lines": 5, "excluded_lines": 0}, "missing_lines": [143, 152, 192, 193, 194], "excluded_lines": []}, "ArtworkProcessor.create_sample_paintings": {"executed_lines": [202, 270], "summary": {"covered_lines": 2, "num_statements": 2, "percent_covered": 100.0, "percent_covered_display": "100", "missing_lines": 0, "excluded_lines": 0}, "missing_lines": [], "excluded_lines": []}, "": {"executed_lines": [2, 9, 10, 11, 12, 15, 16, 18, 31, 39, 81, 107, 130, 198], "summary": {"covered_lines": 12, "num_statements": 12, "percent_covered": 100.0, "percent_covered_display": "100", "missing_lines": 0, "excluded_lines": 0}, "missing_lines": [], "excluded_lines": []}}, "classes": {"ArtworkProcessor": {"executed_lines": [27, 28, 29, 35, 36, 37, 43, 44, 46, 48, 51, 62, 68, 69, 70, 71, 72, 76, 77, 79, 85, 86, 89, 92, 93, 94, 95, 98, 101, 102, 105, 111, 113, 114, 116, 117, 118, 119, 121, 122, 123, 125, 126, 128, 134, 136, 137, 139, 140, 142, 146, 147, 148, 151, 155, 156, 159, 160, 161, 162, 163, 164, 165, 166, 167, 168, 173, 187, 190, 196, 202, 270], "summary": {"covered_lines": 72, "num_statements": 77, "percent_covered": 93.50649350649351, "percent_covered_display": "94", "missing_lines": 5, "excluded_lines": 0}, "missing_lines": [143, 152, 192, 193, 194], "excluded_lines": []}, "": {"executed_lines": [2, 9, 10, 11, 12, 15, 16, 18, 31, 39, 81, 107, 130, 198], "summary": {"covered_lines": 12, "num_statements": 12, "percent_covered": 100.0, "percent_covered_display": "100", "missing_lines": 0, "excluded_lines": 0}, "missing_lines": [], "excluded_lines": []}}}, "src/daily_paintings.py": {"executed_lines": [1, 2, 3, 4, 5, 6, 7, 8, 11, 12, 13, 14, 15, 16, 18, 19, 20, 21, 24, 25, 26, 31, 33, 34, 35, 36, 37, 38, 39, 40, 41, 42, 44, 45, 47, 49, 51, 54, 57, 58, 59, 60, 61, 63, 65, 67, 68, 69, 71, 72, 73, 76, 77, 78, 79, 81, 82, 84, 85, 86, 87, 90, 91, 94, 95, 96, 97, 100, 101, 102, 105, 106, 107, 109, 110, 111, 114, 115, 118, 131, 133, 134, 135, 139, 144, 147, 148, 151, 154, 155, 156, 157, 166, 167, 168, 171, 172, 173, 174, 175, 177, 179, 181, 182, 183, 185, 188, 190, 192, 195, 196, 197, 200, 201, 202, 203, 247, 248, 251, 252, 253, 257, 258, 259, 260, 261, 263, 264, 267, 289, 290, 291, 292, 293, 294, 301, 306, 307, 315, 316, 317, 318, 319, 320, 322, 330, 331, 333, 335, 338, 339, 343, 344, 345, 346, 347, 348, 349, 352, 362, 363, 365, 366, 368, 369, 370, 376, 377, 378, 379, 381, 382, 385, 386, 387, 388, 389, 391, 394, 395, 396, 397, 400, 403, 404, 405, 406, 408, 409, 410, 411, 412, 414, 415, 417], "summary": {"covered_lines": 195, "num_statements": 274, "percent_covered": 71.16788321167883, "percent_covered_display": "71", "missing_lines": 79, "excluded_lines": 0}, "missing_lines": [27, 29, 120, 122, 123, 124, 126, 128, 137, 140, 141, 142, 158, 160, 161, 162, 163, 176, 178, 180, 184, 186, 187, 189, 191, 193, 198, 206, 207, 209, 210, 213, 224, 225, 226, 227, 228, 229, 230, 232, 233, 234, 236, 237, 238, 239, 241, 242, 255, 268, 270, 272, 273, 274, 276, 278, 281, 283, 284, 285, 287, 296, 298, 308, 309, 310, 311, 312, 323, 324, 325, 326, 340, 371, 372, 373, 392, 398, 418], "excluded_lines": [], "functions": {"parse_arguments": {"executed_lines": [33, 34, 35, 36, 37, 38, 39, 40, 41, 42, 44, 45, 47, 49, 51, 54, 57, 58, 59, 60, 61, 63], "summary": {"covered_lines": 22, "num_statements": 22, "percent_covered": 100.0, "percent_covered_display": "100", "missing_lines": 0, "excluded_lines": 0}, "missing_lines": [], "excluded_lines": []}, "download_image": {"executed_lines": [67, 68, 69, 71, 72, 73, 76, 77, 78, 79, 81, 82, 84, 85, 86, 87], "summary": {"covered_lines": 16, "num_statements": 16, "percent_covered": 100.0, "percent_covered_display": "100", "missing_lines": 0, "excluded_lines": 0}, "missing_lines": [], "excluded_lines": []}, "main": {"executed_lines": [91, 94, 95, 96, 97, 100, 101, 102, 105, 106, 107, 109, 110, 111, 114, 115, 118, 131, 133, 134, 135, 139, 144, 147, 148, 151, 154, 155, 156, 157, 166, 167, 168, 171, 172, 173, 174, 175, 177, 179, 181, 182, 183, 185, 188, 190, 192, 195, 196, 197, 200, 201, 202, 203, 247, 248, 251, 252, 253, 257, 258, 259, 260, 261, 263, 264, 267, 289, 290, 291, 292, 293, 294, 301, 306, 307, 315, 316, 317, 318, 319, 320, 322, 330, 331, 333, 335, 338, 339, 343, 344, 345, 346, 347, 348, 349, 352, 362, 363, 365, 366, 368, 369, 370, 376, 377, 378, 379, 381, 382, 385, 386, 387, 388, 389, 391, 394, 395, 396, 397, 400, 403, 404, 405, 406, 408, 409, 410, 411, 412, 414, 415], "summary": {"covered_lines": 132, "num_statements": 208, "percent_covered": 63.46153846153846, "percent_covered_display": "63", "missing_lines": 76, "excluded_lines": 0}, "missing_lines": [120, 122, 123, 124, 126, 128, 137, 140, 141, 142, 158, 160, 161, 162, 163, 176, 178, 180, 184, 186, 187, 189, 191, 193, 198, 206, 207, 209, 210, 213, 224, 225, 226, 227, 228, 229, 230, 232, 233, 234, 236, 237, 238, 239, 241, 242, 255, 268, 270, 272, 273, 274, 276, 278, 281, 283, 284, 285, 287, 296, 298, 308, 309, 310, 311, 312, 323, 324, 325, 326, 340, 371, 372, 373, 392, 398], "excluded_lines": []}, "": {"executed_lines": [1, 2, 3, 4, 5, 6, 7, 8, 11, 12, 13, 14, 15, 16, 18, 19, 20, 21, 24, 25, 26, 31, 65, 90, 417], "summary": {"covered_lines": 25, "num_statements": 28, "percent_covered": 89.28571428571429, "percent_covered_display": "89", "missing_lines": 3, "excluded_lines": 0}, "missing_lines": [27, 29, 418], "excluded_lines": []}}, "classes": {"": {"executed_lines": [1, 2, 3, 4, 5, 6, 7, 8, 11, 12, 13, 14, 15, 16, 18, 19, 20, 21, 24, 25, 26, 31, 33, 34, 35, 36, 37, 38, 39, 40, 41, 42, 44, 45, 47, 49, 51, 54, 57, 58, 59, 60, 61, 63, 65, 67, 68, 69, 71, 72, 73, 76, 77, 78, 79, 81, 82, 84, 85, 86, 87, 90, 91, 94, 95, 96, 97, 100, 101, 102, 105, 106, 107, 109, 110, 111, 114, 115, 118, 131, 133, 134, 135, 139, 144, 147, 148, 151, 154, 155, 156, 157, 166, 167, 168, 171, 172, 173, 174, 175, 177, 179, 181, 182, 183, 185, 188, 190, 192, 195, 196, 197, 200, 201, 202, 203, 247, 248, 251, 252, 253, 257, 258, 259, 260, 261, 263, 264, 267, 289, 290, 291, 292, 293, 294, 301, 306, 307, 315, 316, 317, 318, 319, 320, 322, 330, 331, 333, 335, 338, 339, 343, 344, 345, 346, 347, 348, 349, 352, 362, 363, 365, 366, 368, 369, 370, 376, 377, 378, 379, 381, 382, 385, 386, 387, 388, 389, 391, 394, 395, 396, 397, 400, 403, 404, 405, 406, 408, 409, 410, 411, 412, 414, 415, 417], "summary": {"covered_lines": 195, "num_statements": 274, "percent_covered": 71.16788321167883, "percent_covered_display": "71", "missing_lines": 79, "excluded_lines": 0}, "missing_lines": [27, 29, 120, 122, 123, 124, 126, 128, 137, 140, 141, 142, 158, 160, 161, 162, 163, 176, 178, 180, 184, 186, 187, 189, 191, 193, 198, 206, 207, 209, 210, 213, 224, 225, 226, 227, 228, 229, 230, 232, 233, 234, 236, 237, 238, 239, 241, 242, 255, 268, 270, 272, 273, 274, 276, 278, 281, 283, 284, 285, 287, 296, 298, 308, 309, 310, 311, 312, 323, 324, 325, 326, 340, 371, 372, 373, 392, 398, 418], "excluded_lines": []}}}, "src/datacreator.py": {"executed_lines": [2, 9, 10, 11, 12, 13, 14, 15, 18, 19, 20, 22, 23, 28, 29, 30, 31, 33, 34, 35, 41, 42, 44, 45, 46, 47, 48, 58, 59, 64, 65, 66, 69, 70, 78, 79, 86, 89, 90, 91, 92, 94, 95, 97, 99, 101, 102, 103, 104, 106, 123, 124, 125, 130, 142, 143, 144, 149, 153, 155, 156, 158, 159, 160, 161, 163, 164, 165, 167, 168, 170, 172, 198, 205, 206, 208, 210, 212, 219, 225, 226, 227, 228, 229, 230, 233, 234, 235, 239, 241, 278, 286, 328, 332, 333, 339, 389, 429, 450, 456, 458, 459, 463, 465, 466, 470, 472, 473, 477, 481, 482, 483, 488, 500, 501, 502, 504, 505, 508, 509, 510, 511, 515, 516, 518, 519, 520, 521, 523, 531, 532, 533, 535, 536, 538, 541, 544, 545, 548, 549, 560, 561, 564, 566, 582, 583, 584, 586, 587, 591, 614, 615, 617, 618, 620, 621, 624, 634, 635, 636, 637, 638, 640, 649, 823, 841, 846, 848, 849, 852, 868, 874, 875, 876, 878, 880, 883, 884, 885, 886, 888, 889, 892, 906, 907, 908, 909, 911, 915, 916, 917, 918, 919, 920, 922, 926, 928, 929, 930, 931, 936, 939, 941, 943, 946, 947, 949, 950, 952], "summary": {"covered_lines": 208, "num_statements": 410, "percent_covered": 50.73170731707317, "percent_covered_display": "51", "missing_lines": 202, "excluded_lines": 0}, "missing_lines": [24, 25, 36, 37, 38, 51, 52, 53, 54, 55, 75, 76, 83, 84, 127, 128, 146, 147, 176, 177, 180, 183, 184, 185, 186, 189, 192, 193, 196, 236, 237, 245, 246, 248, 250, 252, 259, 265, 266, 267, 268, 269, 270, 271, 272, 273, 274, 276, 282, 283, 284, 290, 291, 293, 295, 298, 309, 315, 316, 317, 318, 319, 323, 324, 326, 336, 337, 341, 343, 344, 346, 347, 349, 350, 353, 354, 355, 358, 359, 362, 363, 366, 380, 381, 383, 384, 385, 387, 391, 392, 394, 396, 399, 410, 416, 417, 418, 419, 420, 424, 425, 427, 431, 432, 435, 437, 438, 439, 440, 442, 445, 446, 448, 452, 453, 454, 461, 468, 475, 485, 486, 513, 551, 552, 553, 555, 556, 557, 588, 642, 643, 644, 646, 647, 670, 671, 672, 674, 675, 676, 677, 680, 681, 683, 684, 686, 689, 710, 711, 713, 715, 725, 726, 727, 730, 732, 733, 735, 736, 737, 738, 739, 740, 742, 743, 746, 747, 748, 751, 752, 755, 756, 759, 762, 765, 784, 794, 795, 796, 799, 801, 802, 803, 806, 808, 809, 810, 812, 814, 815, 816, 818, 820, 821, 825, 826, 829, 839, 932, 933, 954, 955], "excluded_lines": [], "functions": {"PaintingDataCreator.__init__": {"executed_lines": [44, 45, 46, 47, 48, 58, 59, 64, 65, 66, 69, 70, 78, 79], "summary": {"covered_lines": 14, "num_statements": 23, "percent_covered": 60.869565217391305, "percent_covered_display": "61", "missing_lines": 9, "excluded_lines": 0}, "missing_lines": [51, 52, 53, 54, 55, 75, 76, 83, 84], "excluded_lines": []}, "PaintingDataCreator._get_cache_key": {"executed_lines": [89, 90, 91, 92, 94, 95], "summary": {"covered_lines": 6, "num_statements": 6, "percent_covered": 100.0, "percent_covered_display": "100", "missing_lines": 0, "excluded_lines": 0}, "missing_lines": [], "excluded_lines": []}, "PaintingDataCreator._manage_cache_size": {"executed_lines": [99, 101, 102, 103, 104], "summary": {"covered_lines": 5, "num_statements": 5, "percent_covered": 100.0, "percent_covered_display": "100", "missing_lines": 0, "excluded_lines": 0}, "missing_lines": [], "excluded_lines": []}, "PaintingDataCreator.query_artwork_by_subject": {"executed_lines": [123, 124, 125], "summary": {"covered_lines": 3, "num_statements": 5, "percent_covered": 60.0, "percent_covered_display": "60", "missing_lines": 2, "excluded_lines": 0}, "missing_lines": [127, 128], "excluded_lines": []}, "PaintingDataCreator.query_wikidata_paintings": {"executed_lines": [142, 143, 144], "summary": {"covered_lines": 3, "num_statements": 5, "percent_covered": 60.0, "percent_covered_display": "60", "missing_lines": 2, "excluded_lines": 0}, "missing_lines": [146, 147], "excluded_lines": []}, "PaintingDataCreator.get_wikipedia_summary": {"executed_lines": [153, 155, 156, 158, 159, 160, 161, 163, 164, 165, 167, 168, 170], "summary": {"covered_lines": 13, "num_statements": 13, "percent_covered": 100.0, "percent_covered_display": "100", "missing_lines": 0, "excluded_lines": 0}, "missing_lines": [], "excluded_lines": []}, "PaintingDataCreator.get_high_res_image_url": {"executed_lines": [465, 466], "summary": {"covered_lines": 2, "num_statements": 3, "percent_covered": 66.66666666666667, "percent_covered_display": "67", "missing_lines": 1, "excluded_lines": 0}, "missing_lines": [468], "excluded_lines": []}, "PaintingDataCreator.get_artwork_inception_date": {"executed_lines": [205, 206, 208, 210, 212, 219, 225, 226, 227, 228, 229, 230, 233, 234, 235, 239], "summary": {"covered_lines": 16, "num_statements": 18, "percent_covered": 88.88888888888889, "percent_covered_display": "89", "missing_lines": 2, "excluded_lines": 0}, "missing_lines": [236, 237], "excluded_lines": []}, "PaintingDataCreator.get_painting_dimensions": {"executed_lines": [], "summary": {"covered_lines": 0, "num_statements": 17, "percent_covered": 0.0, "percent_covered_display": "0", "missing_lines": 17, "excluded_lines": 0}, "missing_lines": [245, 246, 248, 250, 252, 259, 265, 266, 267, 268, 269, 270, 271, 272, 273, 274, 276], "excluded_lines": []}, "PaintingDataCreator.clean_text": {"executed_lines": [472, 473], "summary": {"covered_lines": 2, "num_statements": 3, "percent_covered": 66.66666666666667, "percent_covered_display": "67", "missing_lines": 1, "excluded_lines": 0}, "missing_lines": [475], "excluded_lines": []}, "PaintingDataCreator.get_painting_labels": {"executed_lines": [458, 459], "summary": {"covered_lines": 2, "num_statements": 3, "percent_covered": 66.66666666666667, "percent_covered_display": "67", "missing_lines": 1, "excluded_lines": 0}, "missing_lines": [461], "excluded_lines": []}, "PaintingDataCreator.process_painting_data": {"executed_lines": [332, 333], "summary": {"covered_lines": 2, "num_statements": 4, "percent_covered": 50.0, "percent_covered_display": "50", "missing_lines": 2, "excluded_lines": 0}, "missing_lines": [336, 337], "excluded_lines": []}, "PaintingDataCreator._process_painting_data_fallback": {"executed_lines": [], "summary": {"covered_lines": 0, "num_statements": 21, "percent_covered": 0.0, "percent_covered_display": "0", "missing_lines": 21, "excluded_lines": 0}, "missing_lines": [341, 343, 344, 346, 347, 349, 350, 353, 354, 355, 358, 359, 362, 363, 366, 380, 381, 383, 384, 385, 387], "excluded_lines": []}, "PaintingDataCreator._get_painting_labels_fallback": {"executed_lines": [], "summary": {"covered_lines": 0, "num_statements": 14, "percent_covered": 0.0, "percent_covered_display": "0", "missing_lines": 14, "excluded_lines": 0}, "missing_lines": [391, 392, 394, 396, 399, 410, 416, 417, 418, 419, 420, 424, 425, 427], "excluded_lines": []}, "PaintingDataCreator._get_high_res_image_url_fallback": {"executed_lines": [], "summary": {"covered_lines": 0, "num_statements": 11, "percent_covered": 0.0, "percent_covered_display": "0", "missing_lines": 11, "excluded_lines": 0}, "missing_lines": [431, 432, 435, 437, 438, 439, 440, 442, 445, 446, 448], "excluded_lines": []}, "PaintingDataCreator._clean_text_fallback": {"executed_lines": [], "summary": {"covered_lines": 0, "num_statements": 3, "percent_covered": 0.0, "percent_covered_display": "0", "missing_lines": 3, "excluded_lines": 0}, "missing_lines": [452, 453, 454], "excluded_lines": []}, "PaintingDataCreator.create_sample_paintings": {"executed_lines": [481, 482, 483], "summary": {"covered_lines": 3, "num_statements": 5, "percent_covered": 60.0, "percent_covered_display": "60", "missing_lines": 2, "excluded_lines": 0}, "missing_lines": [485, 486], "excluded_lines": []}, "PaintingDataCreator.fetch_paintings": {"executed_lines": [500, 501, 502, 504, 505, 508, 509, 510, 511, 515, 516, 518, 519, 520, 521, 523, 531, 532, 533, 535, 536, 538, 541, 544, 545, 548, 549, 560, 561, 564], "summary": {"covered_lines": 30, "num_statements": 37, "percent_covered": 81.08108108108108, "percent_covered_display": "81", "missing_lines": 7, "excluded_lines": 0}, "missing_lines": [513, 551, 552, 553, 555, 556, 557], "excluded_lines": []}, "PaintingDataCreator.fetch_artwork_by_subject": {"executed_lines": [582, 583, 584, 586, 587, 591, 614, 615, 617, 618, 620, 621, 624, 634, 635, 636, 637, 638, 640], "summary": {"covered_lines": 19, "num_statements": 25, "percent_covered": 76.0, "percent_covered_display": "76", "missing_lines": 6, "excluded_lines": 0}, "missing_lines": [588, 642, 643, 644, 646, 647], "excluded_lines": []}, "PaintingDataCreator.fetch_artwork_by_subject_with_scoring": {"executed_lines": [], "summary": {"covered_lines": 0, "num_statements": 60, "percent_covered": 0.0, "percent_covered_display": "0", "missing_lines": 60, "excluded_lines": 0}, "missing_lines": [670, 671, 672, 674, 675, 676, 677, 680, 681, 683, 684, 686, 689, 710, 711, 713, 715, 725, 726, 727, 730, 732, 733, 735, 736, 737, 738, 739, 740, 742, 743, 746, 747, 748, 751, 752, 755, 756, 759, 762, 765, 784, 794, 795, 796, 799, 801, 802, 803, 806, 808, 809, 810, 812, 814, 815, 816, 818, 820, 821], "excluded_lines": []}, "PaintingDataCreator._get_medium_from_type": {"executed_lines": [], "summary": {"covered_lines": 0, "num_statements": 4, "percent_covered": 0.0, "percent_covered_display": "0", "missing_lines": 4, "excluded_lines": 0}, "missing_lines": [825, 826, 829, 839], "excluded_lines": []}, "PaintingDataCreator.get_daily_painting": {"executed_lines": [846, 848, 849, 852, 868, 874, 875, 876, 878, 880, 883, 884, 885, 886, 888, 889, 892, 906, 907, 908, 909], "summary": {"covered_lines": 21, "num_statements": 21, "percent_covered": 100.0, "percent_covered_display": "100", "missing_lines": 0, "excluded_lines": 0}, "missing_lines": [], "excluded_lines": []}, "PaintingDataCreator.save_to_json": {"executed_lines": [915, 916, 917, 918, 919, 920], "summary": {"covered_lines": 6, "num_statements": 6, "percent_covered": 100.0, "percent_covered_display": "100", "missing_lines": 0, "excluded_lines": 0}, "missing_lines": [], "excluded_lines": []}, "PaintingDataCreator.append_to_existing_json": {"executed_lines": [926, 928, 929, 930, 931, 936, 939, 941, 943, 946, 947, 949, 950, 952], "summary": {"covered_lines": 14, "num_statements": 18, "percent_covered": 77.77777777777777, "percent_covered_display": "78", "missing_lines": 4, "excluded_lines": 0}, "missing_lines": [932, 933, 954, 955], "excluded_lines": []}, "": {"executed_lines": [2, 9, 10, 11, 12, 13, 14, 15, 18, 19, 20, 22, 23, 28, 29, 30, 31, 33, 34, 35, 41, 42, 86, 97, 106, 130, 149, 172, 198, 241, 278, 286, 328, 339, 389, 429, 450, 456, 463, 470, 477, 488, 566, 649, 823, 841, 911, 922], "summary": {"covered_lines": 47, "num_statements": 52, "percent_covered": 90.38461538461539, "percent_covered_display": "90", "missing_lines": 5, "excluded_lines": 0}, "missing_lines": [24, 25, 36, 37, 38], "excluded_lines": []}}, "classes": {"PaintingDataCreator": {"executed_lines": [44, 45, 46, 47, 48, 58, 59, 64, 65, 66, 69, 70, 78, 79, 89, 90, 91, 92, 94, 95, 99, 101, 102, 103, 104, 123, 124, 125, 142, 143, 144, 153, 155, 156, 158, 159, 160, 161, 163, 164, 165, 167, 168, 170, 205, 206, 208, 210, 212, 219, 225, 226, 227, 228, 229, 230, 233, 234, 235, 239, 332, 333, 458, 459, 465, 466, 472, 473, 481, 482, 483, 500, 501, 502, 504, 505, 508, 509, 510, 511, 515, 516, 518, 519, 520, 521, 523, 531, 532, 533, 535, 536, 538, 541, 544, 545, 548, 549, 560, 561, 564, 582, 583, 584, 586, 587, 591, 614, 615, 617, 618, 620, 621, 624, 634, 635, 636, 637, 638, 640, 846, 848, 849, 852, 868, 874, 875, 876, 878, 880, 883, 884, 885, 886, 888, 889, 892, 906, 907, 908, 909, 915, 916, 917, 918, 919, 920, 926, 928, 929, 930, 931, 936, 939, 941, 943, 946, 947, 949, 950, 952], "summary": {"covered_lines": 161, "num_statements": 358, "percent_covered": 44.97206703910614, "percent_covered_display": "45", "missing_lines": 197, "excluded_lines": 0}, "missing_lines": [51, 52, 53, 54, 55, 75, 76, 83, 84, 127, 128, 146, 147, 176, 177, 180, 183, 184, 185, 186, 189, 192, 193, 196, 236, 237, 245, 246, 248, 250, 252, 259, 265, 266, 267, 268, 269, 270, 271, 272, 273, 274, 276, 282, 283, 284, 290, 291, 293, 295, 298, 309, 315, 316, 317, 318, 319, 323, 324, 326, 336, 337, 341, 343, 344, 346, 347, 349, 350, 353, 354, 355, 358, 359, 362, 363, 366, 380, 381, 383, 384, 385, 387, 391, 392, 394, 396, 399, 410, 416, 417, 418, 419, 420, 424, 425, 427, 431, 432, 435, 437, 438, 439, 440, 442, 445, 446, 448, 452, 453, 454, 461, 468, 475, 485, 486, 513, 551, 552, 553, 555, 556, 557, 588, 642, 643, 644, 646, 647, 670, 671, 672, 674, 675, 676, 677, 680, 681, 683, 684, 686, 689, 710, 711, 713, 715, 725, 726, 727, 730, 732, 733, 735, 736, 737, 738, 739, 740, 742, 743, 746, 747, 748, 751, 752, 755, 756, 759, 762, 765, 784, 794, 795, 796, 799, 801, 802, 803, 806, 808, 809, 810, 812, 814, 815, 816, 818, 820, 821, 825, 826, 829, 839, 932, 933, 954, 955], "excluded_lines": []}, "": {"executed_lines": [2, 9, 10, 11, 12, 13, 14, 15, 18, 19, 20, 22, 23, 28, 29, 30, 31, 33, 34, 35, 41, 42, 86, 97, 106, 130, 149, 172, 198, 241, 278, 286, 328, 339, 389, 429, 450, 456, 463, 470, 477, 488, 566, 649, 823, 841, 911, 922], "summary": {"covered_lines": 47, "num_statements": 52, "percent_covered": 90.38461538461539, "percent_covered_display": "90", "missing_lines": 5, "excluded_lines": 0}, "missing_lines": [24, 25, 36, 37, 38], "excluded_lines": []}}}, "src/email_sender.py": {"executed_lines": [2, 9, 10, 11, 12, 13, 14, 15, 16, 17, 18, 19, 20, 23, 24, 26, 28, 29, 30, 31, 32, 35, 38, 40, 42, 43, 45, 46, 48, 50, 51, 53, 55, 56, 57, 60, 61, 62, 63, 64, 65, 67, 71, 73, 258, 259, 264, 266, 267, 268, 269, 270, 276, 307, 310, 311, 316, 318, 319, 320, 321, 322, 323, 324, 326, 338, 340, 348, 350, 354, 356, 365, 366, 367, 369, 371, 372, 373, 374, 375, 381, 394, 395, 396, 398, 400, 401, 402, 403, 404, 405, 406, 408, 418, 424, 426, 433, 434, 437, 438, 439, 440, 443, 444, 445, 446, 448, 449, 450, 451, 454, 455, 456, 484, 486, 488, 490, 509, 511, 512, 515, 516, 519, 525, 527, 530, 531, 533, 534, 535, 537, 539, 540, 541], "summary": {"covered_lines": 132, "num_statements": 160, "percent_covered": 82.5, "percent_covered_display": "82", "missing_lines": 28, "excluded_lines": 0}, "missing_lines": [271, 272, 273, 274, 376, 377, 378, 379, 457, 459, 460, 461, 463, 465, 466, 467, 468, 469, 472, 473, 474, 475, 478, 479, 480, 481, 482, 483], "excluded_lines": [], "functions": {"EmailSender.__init__": {"executed_lines": [28, 29, 30, 31, 32, 35, 38], "summary": {"covered_lines": 7, "num_statements": 7, "percent_covered": 100.0, "percent_covered_display": "100", "missing_lines": 0, "excluded_lines": 0}, "missing_lines": [], "excluded_lines": []}, "EmailSender._validate_config": {"executed_lines": [42, 43, 45, 46], "summary": {"covered_lines": 4, "num_statements": 4, "percent_covered": 100.0, "percent_covered_display": "100", "missing_lines": 0, "excluded_lines": 0}, "missing_lines": [], "excluded_lines": []}, "EmailSender._validate_email": {"executed_lines": [50, 51], "summary": {"covered_lines": 2, "num_statements": 2, "percent_covered": 100.0, "percent_covered_display": "100", "missing_lines": 0, "excluded_lines": 0}, "missing_lines": [], "excluded_lines": []}, "EmailSender._download_image": {"executed_lines": [55, 56, 57, 60, 61, 62, 63, 64, 65], "summary": {"covered_lines": 9, "num_statements": 9, "percent_covered": 100.0, "percent_covered_display": "100", "missing_lines": 0, "excluded_lines": 0}, "missing_lines": [], "excluded_lines": []}, "EmailSender.build_html_email": {"executed_lines": [71, 73, 258, 259, 264, 266, 267, 268, 269, 270, 276, 307, 310, 311, 316, 318, 319, 320, 321, 322, 323, 324, 326, 338, 340, 348], "summary": {"covered_lines": 26, "num_statements": 30, "percent_covered": 86.66666666666667, "percent_covered_display": "87", "missing_lines": 4, "excluded_lines": 0}, "missing_lines": [271, 272, 273, 274], "excluded_lines": []}, "EmailSender.build_plain_text_email": {"executed_lines": [354, 356, 365, 366, 367, 369, 371, 372, 373, 374, 375, 381, 394, 395, 396, 398, 400, 401, 402, 403, 404, 405, 406, 408, 418, 424], "summary": {"covered_lines": 26, "num_statements": 30, "percent_covered": 86.66666666666667, "percent_covered_display": "87", "missing_lines": 4, "excluded_lines": 0}, "missing_lines": [376, 377, 378, 379], "excluded_lines": []}, "EmailSender.create_multipart_email": {"executed_lines": [433, 434, 437, 438, 439, 440, 443, 444, 445, 446, 448, 449, 450, 451, 454, 455, 456, 484, 486, 488], "summary": {"covered_lines": 20, "num_statements": 40, "percent_covered": 50.0, "percent_covered_display": "50", "missing_lines": 20, "excluded_lines": 0}, "missing_lines": [457, 459, 460, 461, 463, 465, 466, 467, 468, 469, 472, 473, 474, 475, 478, 479, 480, 481, 482, 483], "excluded_lines": []}, "EmailSender.send_email": {"executed_lines": [509, 511, 512, 515, 516, 519, 525, 527, 530, 531, 533, 534, 535, 537, 539, 540, 541], "summary": {"covered_lines": 17, "num_statements": 17, "percent_covered": 100.0, "percent_covered_display": "100", "missing_lines": 0, "excluded_lines": 0}, "missing_lines": [], "excluded_lines": []}, "": {"executed_lines": [2, 9, 10, 11, 12, 13, 14, 15, 16, 17, 18, 19, 20, 23, 24, 26, 40, 48, 53, 67, 350, 426, 490], "summary": {"covered_lines": 21, "num_statements": 21, "percent_covered": 100.0, "percent_covered_display": "100", "missing_lines": 0, "excluded_lines": 0}, "missing_lines": [], "excluded_lines": []}}, "classes": {"EmailSender": {"executed_lines": [28, 29, 30, 31, 32, 35, 38, 42, 43, 45, 46, 50, 51, 55, 56, 57, 60, 61, 62, 63, 64, 65, 71, 73, 258, 259, 264, 266, 267, 268, 269, 270, 276, 307, 310, 311, 316, 318, 319, 320, 321, 322, 323, 324, 326, 338, 340, 348, 354, 356, 365, 366, 367, 369, 371, 372, 373, 374, 375, 381, 394, 395, 396, 398, 400, 401, 402, 403, 404, 405, 406, 408, 418, 424, 433, 434, 437, 438, 439, 440, 443, 444, 445, 446, 448, 449, 450, 451, 454, 455, 456, 484, 486, 488, 509, 511, 512, 515, 516, 519, 525, 527, 530, 531, 533, 534, 535, 537, 539, 540, 541], "summary": {"covered_lines": 111, "num_statements": 139, "percent_covered": 79.85611510791367, "percent_covered_display": "80", "missing_lines": 28, "excluded_lines": 0}, "missing_lines": [271, 272, 273, 274, 376, 377, 378, 379, 457, 459, 460, 461, 463, 465, 466, 467, 468, 469, 472, 473, 474, 475, 478, 479, 480, 481, 482, 483], "excluded_lines": []}, "": {"executed_lines": [2, 9, 10, 11, 12, 13, 14, 15, 16, 17, 18, 19, 20, 23, 24, 26, 40, 48, 53, 67, 350, 426, 490], "summary": {"covered_lines": 21, "num_statements": 21, "percent_covered": 100.0, "percent_covered_display": "100", "missing_lines": 0, "excluded_lines": 0}, "missing_lines": [], "excluded_lines": []}}}, "src/openai_analyzer.py": {"executed_lines": [2, 9, 10, 11, 14, 15, 17, 26, 27, 28, 30, 40, 43, 44, 45, 47, 70, 71, 81, 84, 85, 86, 88, 89, 92, 95, 96, 97, 99, 102, 103, 104, 107, 112, 113, 114, 117, 119, 132, 133, 134], "summary": {"covered_lines": 39, "num_statements": 43, "percent_covered": 90.69767441860465, "percent_covered_display": "91", "missing_lines": 4, "excluded_lines": 0}, "missing_lines": [41, 90, 108, 109], "excluded_lines": [], "functions": {"OpenAIAnalyzer.__init__": {"executed_lines": [26, 27, 28], "summary": {"covered_lines": 3, "num_statements": 3, "percent_covered": 100.0, "percent_covered_display": "100", "missing_lines": 0, "excluded_lines": 0}, "missing_lines": [], "excluded_lines": []}, "OpenAIAnalyzer.analyze_poem_with_ai": {"executed_lines": [40, 43, 44, 45, 47, 70, 71, 81, 84, 85, 86, 88, 89, 92, 95, 96, 97, 99, 102, 103, 104, 107, 112, 113, 114, 117, 119, 132, 133, 134], "summary": {"covered_lines": 30, "num_statements": 34, "percent_covered": 88.23529411764706, "percent_covered_display": "88", "missing_lines": 4, "excluded_lines": 0}, "missing_lines": [41, 90, 108, 109], "excluded_lines": []}, "": {"executed_lines": [2, 9, 10, 11, 14, 15, 17, 30], "summary": {"covered_lines": 6, "num_statements": 6, "percent_covered": 100.0, "percent_covered_display": "100", "missing_lines": 0, "excluded_lines": 0}, "missing_lines": [], "excluded_lines": []}}, "classes": {"OpenAIAnalyzer": {"executed_lines": [26, 27, 28, 40, 43, 44, 45, 47, 70, 71, 81, 84, 85, 86, 88, 89, 92, 95, 96, 97, 99, 102, 103, 104, 107, 112, 113, 114, 117, 119, 132, 133, 134], "summary": {"covered_lines": 33, "num_statements": 37, "percent_covered": 89.1891891891892, "percent_covered_display": "89", "missing_lines": 4, "excluded_lines": 0}, "missing_lines": [41, 90, 108, 109], "excluded_lines": []}, "": {"executed_lines": [2, 9, 10, 11, 14, 15, 17, 30], "summary": {"covered_lines": 6, "num_statements": 6, "percent_covered": 100.0, "percent_covered_display": "100", "missing_lines": 0, "excluded_lines": 0}, "missing_lines": [], "excluded_lines": []}}}, "src/poem_analyzer.py": {"executed_lines": [2, 9, 10, 11, 12, 13, 16, 17, 18, 19, 22, 23, 24, 26, 27, 32, 33, 34, 36, 37, 42, 43, 46, 47, 48, 49, 50, 51, 52, 53, 55, 58, 59, 60, 68, 69, 73, 74, 78, 80, 82, 83, 87, 89, 90, 92, 93, 95, 106, 107, 109, 110, 112, 113, 116, 117, 118, 119, 120, 126, 129, 131, 132, 135, 137, 157, 158, 160, 170, 171, 172, 176, 186, 187, 190, 193, 196, 199, 201, 210, 212, 214, 215, 216, 217, 219, 221, 223, 225, 226, 227, 230, 231, 232, 233, 234, 235, 237, 239, 241, 243, 244, 245, 246, 249, 250, 251, 252, 253, 254, 256, 258, 260, 261, 263, 265, 266, 267, 269, 271, 273, 291, 293, 294, 297, 299, 301, 302, 304, 305, 307, 310, 312, 327, 328, 330, 333, 334, 337, 338, 340, 343, 345, 348, 350, 365, 367, 369, 371, 372, 373, 376, 377, 378, 379, 380, 381, 384, 388, 390, 408, 409, 411, 414, 415, 417, 418, 420, 421, 422, 424, 425, 426, 429, 430, 432, 433, 434, 435, 438, 439, 441, 442, 443, 445, 446, 447, 450, 451, 454, 463, 464, 466, 467, 468, 469, 472, 476, 479, 482, 483, 485, 488, 489, 491, 492, 493, 495, 496, 497, 500, 502, 509, 512, 545], "summary": {"covered_lines": 214, "num_statements": 245, "percent_covered": 87.34693877551021, "percent_covered_display": "87", "missing_lines": 31, "excluded_lines": 0}, "missing_lines": [28, 29, 38, 39, 63, 64, 65, 75, 121, 122, 123, 174, 306, 308, 363, 385, 386, 505, 506, 514, 517, 532, 533, 535, 536, 537, 539, 540, 541, 542, 546], "excluded_lines": [], "functions": {"PoemAnalyzer.__init__": {"executed_lines": [46, 47, 48, 49, 50, 51, 52, 53, 55, 58, 59, 60, 68, 69, 73, 74, 78], "summary": {"covered_lines": 17, "num_statements": 21, "percent_covered": 80.95238095238095, "percent_covered_display": "81", "missing_lines": 4, "excluded_lines": 0}, "missing_lines": [63, 64, 65, 75], "excluded_lines": []}, "PoemAnalyzer._reinitialize_openai_analyzer": {"executed_lines": [82, 83], "summary": {"covered_lines": 2, "num_statements": 2, "percent_covered": 100.0, "percent_covered_display": "100", "missing_lines": 0, "excluded_lines": 0}, "missing_lines": [], "excluded_lines": []}, "PoemAnalyzer._compile_patterns": {"executed_lines": [89, 90, 92, 93], "summary": {"covered_lines": 4, "num_statements": 4, "percent_covered": 100.0, "percent_covered_display": "100", "missing_lines": 0, "excluded_lines": 0}, "missing_lines": [], "excluded_lines": []}, "PoemAnalyzer.analyze_poem": {"executed_lines": [106, 107, 109, 110, 112, 113, 116, 117, 118, 119, 120, 126, 129, 131, 132, 135, 137, 157, 158], "summary": {"covered_lines": 19, "num_statements": 22, "percent_covered": 86.36363636363636, "percent_covered_display": "86", "missing_lines": 3, "excluded_lines": 0}, "missing_lines": [121, 122, 123], "excluded_lines": []}, "PoemAnalyzer.analyze_poem_with_ai": {"executed_lines": [170, 171, 172], "summary": {"covered_lines": 3, "num_statements": 4, "percent_covered": 75.0, "percent_covered_display": "75", "missing_lines": 1, "excluded_lines": 0}, "missing_lines": [174], "excluded_lines": []}, "PoemAnalyzer._analyze_with_keywords": {"executed_lines": [186, 187, 190, 193, 196, 199, 201], "summary": {"covered_lines": 7, "num_statements": 7, "percent_covered": 100.0, "percent_covered_display": "100", "missing_lines": 0, "excluded_lines": 0}, "missing_lines": [], "excluded_lines": []}, "PoemAnalyzer._find_theme_matches": {"executed_lines": [212, 214, 215, 216, 217, 219], "summary": {"covered_lines": 6, "num_statements": 6, "percent_covered": 100.0, "percent_covered_display": "100", "missing_lines": 0, "excluded_lines": 0}, "missing_lines": [], "excluded_lines": []}, "PoemAnalyzer._get_q_codes_for_themes": {"executed_lines": [223, 225, 226, 227, 230, 231, 232, 233, 234, 235, 237], "summary": {"covered_lines": 11, "num_statements": 11, "percent_covered": 100.0, "percent_covered_display": "100", "missing_lines": 0, "excluded_lines": 0}, "missing_lines": [], "excluded_lines": []}, "PoemAnalyzer.get_emotion_q_codes": {"executed_lines": [241, 243, 244, 245, 246, 249, 250, 251, 252, 253, 254, 256], "summary": {"covered_lines": 12, "num_statements": 12, "percent_covered": 100.0, "percent_covered_display": "100", "missing_lines": 0, "excluded_lines": 0}, "missing_lines": [], "excluded_lines": []}, "PoemAnalyzer._calculate_confidence": {"executed_lines": [260, 261, 263, 265, 266, 267, 269], "summary": {"covered_lines": 7, "num_statements": 7, "percent_covered": 100.0, "percent_covered_display": "100", "missing_lines": 0, "excluded_lines": 0}, "missing_lines": [], "excluded_lines": []}, "PoemAnalyzer._empty_analysis": {"executed_lines": [273], "summary": {"covered_lines": 1, "num_statements": 1, "percent_covered": 100.0, "percent_covered_display": "100", "missing_lines": 0, "excluded_lines": 0}, "missing_lines": [], "excluded_lines": []}, "PoemAnalyzer.get_primary_theme": {"executed_lines": [293, 294, 297], "summary": {"covered_lines": 3, "num_statements": 3, "percent_covered": 100.0, "percent_covered_display": "100", "missing_lines": 0, "excluded_lines": 0}, "missing_lines": [], "excluded_lines": []}, "PoemAnalyzer.get_theme_summary": {"executed_lines": [301, 302, 304, 305, 307, 310], "summary": {"covered_lines": 6, "num_statements": 8, "percent_covered": 75.0, "percent_covered_display": "75", "missing_lines": 2, "excluded_lines": 0}, "missing_lines": [306, 308], "excluded_lines": []}, "PoemAnalyzer.calculate_era_score": {"executed_lines": [327, 328, 330, 333, 334, 337, 338, 340, 343, 345, 348], "summary": {"covered_lines": 11, "num_statements": 11, "percent_covered": 100.0, "percent_covered_display": "100", "missing_lines": 0, "excluded_lines": 0}, "missing_lines": [], "excluded_lines": []}, "PoemAnalyzer.estimate_poet_era": {"executed_lines": [], "summary": {"covered_lines": 0, "num_statements": 1, "percent_covered": 0.0, "percent_covered_display": "0", "missing_lines": 1, "excluded_lines": 0}, "missing_lines": [363], "excluded_lines": []}, "PoemAnalyzer.analyze_multiple_poems": {"executed_lines": [367], "summary": {"covered_lines": 1, "num_statements": 1, "percent_covered": 100.0, "percent_covered_display": "100", "missing_lines": 0, "excluded_lines": 0}, "missing_lines": [], "excluded_lines": []}, "PoemAnalyzer.get_combined_q_codes": {"executed_lines": [371, 372, 373, 376, 377, 378, 379, 380, 381, 384, 388], "summary": {"covered_lines": 11, "num_statements": 13, "percent_covered": 84.61538461538461, "percent_covered_display": "85", "missing_lines": 2, "excluded_lines": 0}, "missing_lines": [385, 386], "excluded_lines": []}, "PoemAnalyzer.score_artwork_match": {"executed_lines": [408, 409, 411, 414, 415, 417, 418, 420, 421, 422, 424, 425, 426, 429, 430, 432, 433, 434, 435, 438, 439, 441, 442, 443, 445, 446, 447, 450, 451, 454, 463, 464, 466, 467, 468, 469, 472, 476, 479, 482, 483, 485, 488, 489, 491, 492, 493, 495, 496, 497, 500, 502, 509], "summary": {"covered_lines": 53, "num_statements": 55, "percent_covered": 96.36363636363636, "percent_covered_display": "96", "missing_lines": 2, "excluded_lines": 0}, "missing_lines": [505, 506], "excluded_lines": []}, "main": {"executed_lines": [], "summary": {"covered_lines": 0, "num_statements": 11, "percent_covered": 0.0, "percent_covered_display": "0", "missing_lines": 11, "excluded_lines": 0}, "missing_lines": [514, 517, 532, 533, 535, 536, 537, 539, 540, 541, 542], "excluded_lines": []}, "": {"executed_lines": [2, 9, 10, 11, 12, 13, 16, 17, 18, 19, 22, 23, 24, 26, 27, 32, 33, 34, 36, 37, 42, 43, 80, 87, 95, 160, 176, 210, 221, 239, 258, 271, 291, 299, 312, 350, 365, 369, 390, 512, 545], "summary": {"covered_lines": 40, "num_statements": 45, "percent_covered": 88.88888888888889, "percent_covered_display": "89", "missing_lines": 5, "excluded_lines": 0}, "missing_lines": [28, 29, 38, 39, 546], "excluded_lines": []}}, "classes": {"PoemAnalyzer": {"executed_lines": [46, 47, 48, 49, 50, 51, 52, 53, 55, 58, 59, 60, 68, 69, 73, 74, 78, 82, 83, 89, 90, 92, 93, 106, 107, 109, 110, 112, 113, 116, 117, 118, 119, 120, 126, 129, 131, 132, 135, 137, 157, 158, 170, 171, 172, 186, 187, 190, 193, 196, 199, 201, 212, 214, 215, 216, 217, 219, 223, 225, 226, 227, 230, 231, 232, 233, 234, 235, 237, 241, 243, 244, 245, 246, 249, 250, 251, 252, 253, 254, 256, 260, 261, 263, 265, 266, 267, 269, 273, 293, 294, 297, 301, 302, 304, 305, 307, 310, 327, 328, 330, 333, 334, 337, 338, 340, 343, 345, 348, 367, 371, 372, 373, 376, 377, 378, 379, 380, 381, 384, 388, 408, 409, 411, 414, 415, 417, 418, 420, 421, 422, 424, 425, 426, 429, 430, 432, 433, 434, 435, 438, 439, 441, 442, 443, 445, 446, 447, 450, 451, 454, 463, 464, 466, 467, 468, 469, 472, 476, 479, 482, 483, 485, 488, 489, 491, 492, 493, 495, 496, 497, 500, 502, 509], "summary": {"covered_lines": 174, "num_statements": 189, "percent_covered": 92.06349206349206, "percent_covered_display": "92", "missing_lines": 15, "excluded_lines": 0}, "missing_lines": [63, 64, 65, 75, 121, 122, 123, 174, 306, 308, 363, 385, 386, 505, 506], "excluded_lines": []}, "": {"executed_lines": [2, 9, 10, 11, 12, 13, 16, 17, 18, 19, 22, 23, 24, 26, 27, 32, 33, 34, 36, 37, 42, 43, 80, 87, 95, 160, 176, 210, 221, 239, 258, 271, 291, 299, 312, 350, 365, 369, 390, 512, 545], "summary": {"covered_lines": 40, "num_statements": 56, "percent_covered": 71.42857142857143, "percent_covered_display": "71", "missing_lines": 16, "excluded_lines": 0}, "missing_lines": [28, 29, 38, 39, 514, 517, 532, 533, 535, 536, 537, 539, 540, 541, 542, 546], "excluded_lines": []}}}, "src/poem_fetcher.py": {"executed_lines": [2, 9, 10, 11, 12, 13, 14, 17, 18, 19, 20, 21, 22, 26, 72, 74, 97, 128, 138, 139, 140, 141, 144, 147, 158, 159, 160, 161, 164, 170, 180, 182, 184, 194, 195, 197, 198, 199, 202, 203, 205, 216, 218, 219, 220, 222, 223, 225, 227, 229, 241, 242, 244, 245, 246, 248, 250, 251, 254, 255, 257, 260, 262, 267, 268, 271, 272, 273, 274, 275, 277, 280, 281, 282, 288, 289, 291, 293, 295, 302, 303, 306, 307, 309, 311, 314, 315, 316, 317, 320, 348, 353, 354, 355, 361, 362, 363, 364, 365, 366, 369, 370, 372, 373, 374, 375, 377, 378, 379, 380, 382, 388, 389, 390, 393, 396, 406, 407, 408, 410, 416, 422, 423, 424, 430, 432, 433, 434, 436, 437, 440, 441, 442, 443, 447, 448, 449, 451, 452, 453, 454, 455, 456, 457, 459, 469, 508, 510, 519], "summary": {"covered_lines": 148, "num_statements": 211, "percent_covered": 70.14218009478672, "percent_covered_display": "70", "missing_lines": 63, "excluded_lines": 0}, "missing_lines": [81, 82, 83, 85, 86, 87, 88, 90, 91, 92, 93, 95, 107, 109, 111, 112, 114, 115, 116, 117, 118, 119, 121, 122, 123, 124, 126, 166, 167, 168, 181, 263, 264, 269, 284, 285, 286, 334, 398, 400, 401, 402, 403, 417, 418, 419, 420, 425, 426, 427, 428, 445, 517, 530, 531, 533, 534, 535, 536, 537, 538, 539, 540], "excluded_lines": [], "functions": {"PoemFetcher.__init__": {"executed_lines": [19, 20, 21, 22, 26, 72], "summary": {"covered_lines": 6, "num_statements": 6, "percent_covered": 100.0, "percent_covered_display": "100", "missing_lines": 0, "excluded_lines": 0}, "missing_lines": [], "excluded_lines": []}, "PoemFetcher.fetch_random_poem": {"executed_lines": [], "summary": {"covered_lines": 0, "num_statements": 12, "percent_covered": 0.0, "percent_covered_display": "0", "missing_lines": 12, "excluded_lines": 0}, "missing_lines": [81, 82, 83, 85, 86, 87, 88, 90, 91, 92, 93, 95], "excluded_lines": []}, "PoemFetcher.fetch_random_poems": {"executed_lines": [], "summary": {"covered_lines": 0, "num_statements": 15, "percent_covered": 0.0, "percent_covered_display": "0", "missing_lines": 15, "excluded_lines": 0}, "missing_lines": [107, 109, 111, 112, 114, 115, 116, 117, 118, 119, 121, 122, 123, 124, 126], "excluded_lines": []}, "PoemFetcher._format_poem_data": {"executed_lines": [138, 139, 140, 141, 144, 147, 158, 159, 160, 161, 164], "summary": {"covered_lines": 11, "num_statements": 14, "percent_covered": 78.57142857142857, "percent_covered_display": "79", "missing_lines": 3, "excluded_lines": 0}, "missing_lines": [166, 167, 168], "excluded_lines": []}, "PoemFetcher._clean_text": {"executed_lines": [180, 182], "summary": {"covered_lines": 2, "num_statements": 3, "percent_covered": 66.66666666666667, "percent_covered_display": "67", "missing_lines": 1, "excluded_lines": 0}, "missing_lines": [181], "excluded_lines": []}, "PoemFetcher.count_words": {"executed_lines": [194, 195, 197, 198, 199, 202, 203], "summary": {"covered_lines": 7, "num_statements": 7, "percent_covered": 100.0, "percent_covered_display": "100", "missing_lines": 0, "excluded_lines": 0}, "missing_lines": [], "excluded_lines": []}, "PoemFetcher.filter_poems_by_word_count": {"executed_lines": [216, 218, 219, 220, 222, 223, 225, 227], "summary": {"covered_lines": 8, "num_statements": 8, "percent_covered": 100.0, "percent_covered_display": "100", "missing_lines": 0, "excluded_lines": 0}, "missing_lines": [], "excluded_lines": []}, "PoemFetcher.fetch_poems_with_word_limit": {"executed_lines": [241, 242, 244, 245, 246, 248, 250, 251, 254, 255, 257, 260, 262, 267, 268, 271, 272, 273, 274, 275, 277, 280, 281, 282, 288, 289, 291, 293], "summary": {"covered_lines": 28, "num_statements": 34, "percent_covered": 82.3529411764706, "percent_covered_display": "82", "missing_lines": 6, "excluded_lines": 0}, "missing_lines": [263, 264, 269, 284, 285, 286], "excluded_lines": []}, "PoemFetcher.get_poet_dates": {"executed_lines": [302, 303, 306, 307, 309, 311, 314, 315, 316, 317, 320, 348, 353, 354, 355, 361, 362, 363, 364, 365, 366, 369, 370, 372, 373, 374, 375, 377, 378, 379, 380, 382, 388, 389, 390, 393, 396, 406, 407, 408], "summary": {"covered_lines": 40, "num_statements": 46, "percent_covered": 86.95652173913044, "percent_covered_display": "87", "missing_lines": 6, "excluded_lines": 0}, "missing_lines": [334, 398, 400, 401, 402, 403], "excluded_lines": []}, "PoemFetcher.enrich_poem_with_dates": {"executed_lines": [416, 422, 423, 424, 430, 432, 433, 434, 436, 437, 440, 441, 442, 443, 447, 448, 449, 451, 452, 453, 454, 455, 456, 457], "summary": {"covered_lines": 24, "num_statements": 33, "percent_covered": 72.72727272727273, "percent_covered_display": "73", "missing_lines": 9, "excluded_lines": 0}, "missing_lines": [417, 418, 419, 420, 425, 426, 427, 428, 445], "excluded_lines": []}, "PoemFetcher.create_sample_poems": {"executed_lines": [469, 508], "summary": {"covered_lines": 2, "num_statements": 2, "percent_covered": 100.0, "percent_covered_display": "100", "missing_lines": 0, "excluded_lines": 0}, "missing_lines": [], "excluded_lines": []}, "PoemFetcher.get_daily_poem": {"executed_lines": [], "summary": {"covered_lines": 0, "num_statements": 1, "percent_covered": 0.0, "percent_covered_display": "0", "missing_lines": 1, "excluded_lines": 0}, "missing_lines": [517], "excluded_lines": []}, "PoemFetcher.save_poems_to_json": {"executed_lines": [], "summary": {"covered_lines": 0, "num_statements": 10, "percent_covered": 0.0, "percent_covered_display": "0", "missing_lines": 10, "excluded_lines": 0}, "missing_lines": [530, 531, 533, 534, 535, 536, 537, 538, 539, 540], "excluded_lines": []}, "": {"executed_lines": [2, 9, 10, 11, 12, 13, 14, 17, 18, 74, 97, 128, 170, 184, 205, 229, 295, 410, 459, 510, 519], "summary": {"covered_lines": 20, "num_statements": 20, "percent_covered": 100.0, "percent_covered_display": "100", "missing_lines": 0, "excluded_lines": 0}, "missing_lines": [], "excluded_lines": []}}, "classes": {"PoemFetcher": {"executed_lines": [19, 20, 21, 22, 26, 72, 138, 139, 140, 141, 144, 147, 158, 159, 160, 161, 164, 180, 182, 194, 195, 197, 198, 199, 202, 203, 216, 218, 219, 220, 222, 223, 225, 227, 241, 242, 244, 245, 246, 248, 250, 251, 254, 255, 257, 260, 262, 267, 268, 271, 272, 273, 274, 275, 277, 280, 281, 282, 288, 289, 291, 293, 302, 303, 306, 307, 309, 311, 314, 315, 316, 317, 320, 348, 353, 354, 355, 361, 362, 363, 364, 365, 366, 369, 370, 372, 373, 374, 375, 377, 378, 379, 380, 382, 388, 389, 390, 393, 396, 406, 407, 408, 416, 422, 423, 424, 430, 432, 433, 434, 436, 437, 440, 441, 442, 443, 447, 448, 449, 451, 452, 453, 454, 455, 456, 457, 469, 508], "summary": {"covered_lines": 128, "num_statements": 191, "percent_covered": 67.01570680628272, "percent_covered_display": "67", "missing_lines": 63, "excluded_lines": 0}, "missing_lines": [81, 82, 83, 85, 86, 87, 88, 90, 91, 92, 93, 95, 107, 109, 111, 112, 114, 115, 116, 117, 118, 119, 121, 122, 123, 124, 126, 166, 167, 168, 181, 263, 264, 269, 284, 285, 286, 334, 398, 400, 401, 402, 403, 417, 418, 419, 420, 425, 426, 427, 428, 445, 517, 530, 531, 533, 534, 535, 536, 537, 538, 539, 540], "excluded_lines": []}, "": {"executed_lines": [2, 9, 10, 11, 12, 13, 14, 17, 18, 74, 97, 128, 170, 184, 205, 229, 295, 410, 459, 510, 519], "summary": {"covered_lines": 20, "num_statements": 20, "percent_covered": 100.0, "percent_covered_display": "100", "missing_lines": 0, "excluded_lines": 0}, "missing_lines": [], "excluded_lines": []}}}, "src/poem_themes.py": {"executed_lines": [2, 11, 103], "summary": {"covered_lines": 2, "num_statements": 2, "percent_covered": 100.0, "percent_covered_display": "100", "missing_lines": 0, "excluded_lines": 0}, "missing_lines": [], "excluded_lines": [], "functions": {"": {"executed_lines": [2, 11, 103], "summary": {"covered_lines": 2, "num_statements": 2, "percent_covered": 100.0, "percent_covered_display": "100", "missing_lines": 0, "excluded_lines": 0}, "missing_lines": [], "excluded_lines": []}}, "classes": {"": {"executed_lines": [2, 11, 103], "summary": {"covered_lines": 2, "num_statements": 2, "percent_covered": 100.0, "percent_covered_display": "100", "missing_lines": 0, "excluded_lines": 0}, "missing_lines": [], "excluded_lines": []}}}, "src/wikidata_config.py": {"executed_lines": [2, 11, 32, 44, 45, 46, 49, 50, 51, 52], "summary": {"covered_lines": 9, "num_statements": 9, "percent_covered": 100.0, "percent_covered_display": "100", "missing_lines": 0, "excluded_lines": 0}, "missing_lines": [], "excluded_lines": [], "functions": {"": {"executed_lines": [2, 11, 32, 44, 45, 46, 49, 50, 51, 52], "summary": {"covered_lines": 9, "num_statements": 9, "percent_covered": 100.0, "percent_covered_display": "100", "missing_lines": 0, "excluded_lines": 0}, "missing_lines": [], "excluded_lines": []}}, "classes": {"": {"executed_lines": [2, 11, 32, 44, 45, 46, 49, 50, 51, 52], "summary": {"covered_lines": 9, "num_statements": 9, "percent_covered": 100.0, "percent_covered_display": "100", "missing_lines": 0, "excluded_lines": 0}, "missing_lines": [], "excluded_lines": []}}}, "src/wikidata_queries.py": {"executed_lines": [2, 9, 10, 11, 14, 15, 17, 30, 31, 32, 33, 34, 36, 39, 40, 41, 42, 44, 45, 47, 49, 56, 77, 78, 81, 85, 90, 95, 96, 103, 104, 107, 126, 127, 129, 130, 131, 136, 138, 139, 142, 143, 145, 147, 148, 149, 150, 151, 152, 154, 155, 157, 173, 177, 183, 198, 199, 201, 202, 203, 208, 210, 211, 214, 215, 217, 219, 220, 221, 222, 223, 224, 226, 227, 229, 236, 239, 241, 243, 250, 256, 257, 258, 259, 271, 273], "summary": {"covered_lines": 84, "num_statements": 120, "percent_covered": 70.0, "percent_covered_display": "70", "missing_lines": 36, "excluded_lines": 0}, "missing_lines": [51, 52, 53, 54, 86, 87, 91, 92, 178, 179, 237, 260, 261, 264, 265, 266, 267, 268, 269, 277, 278, 280, 282, 284, 291, 297, 298, 299, 300, 301, 302, 303, 304, 305, 306, 308], "excluded_lines": [], "functions": {"WikidataQueries.__init__": {"executed_lines": [30, 31, 32, 33, 34], "summary": {"covered_lines": 5, "num_statements": 5, "percent_covered": 100.0, "percent_covered_display": "100", "missing_lines": 0, "excluded_lines": 0}, "missing_lines": [], "excluded_lines": []}, "WikidataQueries._get_cache_key": {"executed_lines": [39, 40, 41, 42, 44, 45], "summary": {"covered_lines": 6, "num_statements": 6, "percent_covered": 100.0, "percent_covered_display": "100", "missing_lines": 0, "excluded_lines": 0}, "missing_lines": [], "excluded_lines": []}, "WikidataQueries._manage_cache_size": {"executed_lines": [49], "summary": {"covered_lines": 1, "num_statements": 5, "percent_covered": 20.0, "percent_covered_display": "20", "missing_lines": 4, "excluded_lines": 0}, "missing_lines": [51, 52, 53, 54], "excluded_lines": []}, "WikidataQueries.query_artwork_by_subject": {"executed_lines": [77, 78, 81, 85, 90, 95, 96, 103, 104, 107, 126, 127, 129, 130, 131, 136, 138, 139, 142, 143, 145, 147, 148, 149, 150, 151, 152, 154, 155], "summary": {"covered_lines": 29, "num_statements": 33, "percent_covered": 87.87878787878788, "percent_covered_display": "88", "missing_lines": 4, "excluded_lines": 0}, "missing_lines": [86, 87, 91, 92], "excluded_lines": []}, "WikidataQueries.query_wikidata_paintings": {"executed_lines": [173, 177, 183, 198, 199, 201, 202, 203, 208, 210, 211, 214, 215, 217, 219, 220, 221, 222, 223, 224, 226, 227], "summary": {"covered_lines": 22, "num_statements": 24, "percent_covered": 91.66666666666667, "percent_covered_display": "92", "missing_lines": 2, "excluded_lines": 0}, "missing_lines": [178, 179], "excluded_lines": []}, "WikidataQueries.get_artwork_inception_date": {"executed_lines": [236, 239, 241, 243, 250, 256, 257, 258, 259, 271], "summary": {"covered_lines": 10, "num_statements": 19, "percent_covered": 52.63157894736842, "percent_covered_display": "53", "missing_lines": 9, "excluded_lines": 0}, "missing_lines": [237, 260, 261, 264, 265, 266, 267, 268, 269], "excluded_lines": []}, "WikidataQueries.get_painting_dimensions": {"executed_lines": [], "summary": {"covered_lines": 0, "num_statements": 17, "percent_covered": 0.0, "percent_covered_display": "0", "missing_lines": 17, "excluded_lines": 0}, "missing_lines": [277, 278, 280, 282, 284, 291, 297, 298, 299, 300, 301, 302, 303, 304, 305, 306, 308], "excluded_lines": []}, "": {"executed_lines": [2, 9, 10, 11, 14, 15, 17, 36, 47, 56, 157, 229, 273], "summary": {"covered_lines": 11, "num_statements": 11, "percent_covered": 100.0, "percent_covered_display": "100", "missing_lines": 0, "excluded_lines": 0}, "missing_lines": [], "excluded_lines": []}}, "classes": {"WikidataQueries": {"executed_lines": [30, 31, 32, 33, 34, 39, 40, 41, 42, 44, 45, 49, 77, 78, 81, 85, 90, 95, 96, 103, 104, 107, 126, 127, 129, 130, 131, 136, 138, 139, 142, 143, 145, 147, 148, 149, 150, 151, 152, 154, 155, 173, 177, 183, 198, 199, 201, 202, 203, 208, 210, 211, 214, 215, 217, 219, 220, 221, 222, 223, 224, 226, 227, 236, 239, 241, 243, 250, 256, 257, 258, 259, 271], "summary": {"covered_lines": 73, "num_statements": 109, "percent_covered": 66.97247706422019, "percent_covered_display": "67", "missing_lines": 36, "excluded_lines": 0}, "missing_lines": [51, 52, 53, 54, 86, 87, 91, 92, 178, 179, 237, 260, 261, 264, 265, 266, 267, 268, 269, 277, 278, 280, 282, 284, 291, 297, 298, 299, 300, 301, 302, 303, 304, 305, 306, 308], "excluded_lines": []}, "": {"executed_lines": [2, 9, 10, 11, 14, 15, 17, 36, 47, 56, 157, 229, 273], "summary": {"covered_lines": 11, "num_statements": 11, "percent_covered": 100.0, "percent_covered_display": "100", "missing_lines": 0, "excluded_lines": 0}, "missing_lines": [], "excluded_lines": []}}}}, "totals": {"covered_lines": 1115, "num_statements": 1563, "percent_covered": 71.33717210492642, "percent_covered_display": "71", "missing_lines": 448, "excluded_lines": 0}}